[2024-03-23 10:00:00] INFO: Starting application
[2024-03-23 10:01:00] WARNING: Connection timeout
[2024-03-23 10:02:00] ERROR: Database connection failed
[2024-03-23 10:00:00] INFO: Starting application
[2024-03-23 10:01:00] WARNING: Connection timeout
[2024-03-23 10:02:00] ERROR: Database connection failed
[2024-03-23 10:00:00] INFO: Starting application
[2024-03-23 10:01:00] WARNING: Connection timeout
[2024-03-23 10:02:00] ERROR: Database connection failed
[2024-03-23 10:00:00] INFO: Starting application
[2024-03-23 10:01:00] WARNING: Connection timeout
[2024-03-23 10:02:00] ERROR: Database connection failed
[2024-03-23 10:00:00] INFO: Starting application
[2024-03-23 10:01:00] WARNING: Connection timeout
[2024-03-23 10:02:00] ERROR: Database connection failed
[2024-03-23 10:00:00] INFO: Starting application
[2024-03-23 10:01:00] WARNING: Connection timeout
[2024-03-23 10:02:00] ERROR: Database connection failed

[2024-03-23 10:01:00] WARNING: New data
[2024-03-23 10:02:00] ERROR: New data
[2024-03-23 10:00:00] INFO: New data
[2024-03-23 10:01:00] WARNING: New data
[2024-03-23 10:02:00] ERROR: New data

[2024-03-23 10:01:00] WARNING: Dummy test data
[2024-03-23 10:02:00] ERROR: New data
[2024-03-23 10:00:00] INFO: New data
[2024-03-23 10:01:00] WARNING: New data
[2024-03-23 10:02:00] ERROR: New data